  stdafx.cpp
  Protocal.cpp
c:\users\happy\onedrive\문서\visual studio 2015\projects\프로그래머스 코딩 연습\chatting_client\chatting_client\protocal.h(29): warning C4091: 'typedef ': 변수를 선언하지 않으면 'Packet' 왼쪽은 무시됩니다.
c:\users\happy\onedrive\문서\visual studio 2015\projects\프로그래머스 코딩 연습\chatting_client\chatting_client\protocal.h(40): warning C4091: 'typedef ': 변수를 선언하지 않으면 'SignUpData' 왼쪽은 무시됩니다.
c:\users\happy\onedrive\문서\visual studio 2015\projects\프로그래머스 코딩 연습\chatting_client\chatting_client\protocal.h(54): warning C4091: 'typedef ': 변수를 선언하지 않으면 'SignUp_RQ' 왼쪽은 무시됩니다.
c:\users\happy\onedrive\문서\visual studio 2015\projects\프로그래머스 코딩 연습\chatting_client\chatting_client\protocal.h(66): warning C4091: 'typedef ': 변수를 선언하지 않으면 'SignUp_RP' 왼쪽은 무시됩니다.
c:\users\happy\onedrive\문서\visual studio 2015\projects\프로그래머스 코딩 연습\chatting_client\chatting_client\protocal.h(75): warning C4091: 'typedef ': 변수를 선언하지 않으면 'CompareData' 왼쪽은 무시됩니다.
c:\users\happy\onedrive\문서\visual studio 2015\projects\프로그래머스 코딩 연습\chatting_client\chatting_client\protocal.h(87): warning C4091: 'typedef ': 변수를 선언하지 않으면 'CompareID_RQ' 왼쪽은 무시됩니다.
c:\users\happy\onedrive\문서\visual studio 2015\projects\프로그래머스 코딩 연습\chatting_client\chatting_client\protocal.h(99): warning C4091: 'typedef ': 변수를 선언하지 않으면 'CompareID_RP' 왼쪽은 무시됩니다.
c:\users\happy\onedrive\문서\visual studio 2015\projects\프로그래머스 코딩 연습\chatting_client\chatting_client\protocal.h(108): warning C4091: 'typedef ': 변수를 선언하지 않으면 'SearchPWData_RQ' 왼쪽은 무시됩니다.
c:\users\happy\onedrive\문서\visual studio 2015\projects\프로그래머스 코딩 연습\chatting_client\chatting_client\protocal.h(121): warning C4091: 'typedef ': 변수를 선언하지 않으면 'SearchPW_RQ' 왼쪽은 무시됩니다.
c:\users\happy\onedrive\문서\visual studio 2015\projects\프로그래머스 코딩 연습\chatting_client\chatting_client\protocal.h(127): warning C4091: 'typedef ': 변수를 선언하지 않으면 'SearchPWData_RP' 왼쪽은 무시됩니다.
c:\users\happy\onedrive\문서\visual studio 2015\projects\프로그래머스 코딩 연습\chatting_client\chatting_client\protocal.h(139): warning C4091: 'typedef ': 변수를 선언하지 않으면 'SearchPW_RP' 왼쪽은 무시됩니다.
c:\users\happy\onedrive\문서\visual studio 2015\projects\프로그래머스 코딩 연습\chatting_client\chatting_client\protocal.h(150): warning C4091: 'typedef ': 변수를 선언하지 않으면 'LoginData' 왼쪽은 무시됩니다.
c:\users\happy\onedrive\문서\visual studio 2015\projects\프로그래머스 코딩 연습\chatting_client\chatting_client\protocal.h(165): warning C4091: 'typedef ': 변수를 선언하지 않으면 'Login_RQ' 왼쪽은 무시됩니다.
c:\users\happy\onedrive\문서\visual studio 2015\projects\프로그래머스 코딩 연습\chatting_client\chatting_client\protocal.h(176): warning C4091: 'typedef ': 변수를 선언하지 않으면 'Login_RP' 왼쪽은 무시됩니다.
c:\users\happy\onedrive\문서\visual studio 2015\projects\프로그래머스 코딩 연습\chatting_client\chatting_client\protocal.h(185): warning C4091: 'typedef ': 변수를 선언하지 않으면 'StrData' 왼쪽은 무시됩니다.
c:\users\happy\onedrive\문서\visual studio 2015\projects\프로그래머스 코딩 연습\chatting_client\chatting_client\protocal.h(198): warning C4091: 'typedef ': 변수를 선언하지 않으면 'ChatStrData' 왼쪽은 무시됩니다.
  chatting_client.cpp
c:\users\happy\onedrive\문서\visual studio 2015\projects\프로그래머스 코딩 연습\chatting_client\chatting_client\protocal.h(29): warning C4091: 'typedef ': 변수를 선언하지 않으면 'Packet' 왼쪽은 무시됩니다.
c:\users\happy\onedrive\문서\visual studio 2015\projects\프로그래머스 코딩 연습\chatting_client\chatting_client\protocal.h(40): warning C4091: 'typedef ': 변수를 선언하지 않으면 'SignUpData' 왼쪽은 무시됩니다.
c:\users\happy\onedrive\문서\visual studio 2015\projects\프로그래머스 코딩 연습\chatting_client\chatting_client\protocal.h(54): warning C4091: 'typedef ': 변수를 선언하지 않으면 'SignUp_RQ' 왼쪽은 무시됩니다.
c:\users\happy\onedrive\문서\visual studio 2015\projects\프로그래머스 코딩 연습\chatting_client\chatting_client\protocal.h(66): warning C4091: 'typedef ': 변수를 선언하지 않으면 'SignUp_RP' 왼쪽은 무시됩니다.
c:\users\happy\onedrive\문서\visual studio 2015\projects\프로그래머스 코딩 연습\chatting_client\chatting_client\protocal.h(75): warning C4091: 'typedef ': 변수를 선언하지 않으면 'CompareData' 왼쪽은 무시됩니다.
c:\users\happy\onedrive\문서\visual studio 2015\projects\프로그래머스 코딩 연습\chatting_client\chatting_client\protocal.h(87): warning C4091: 'typedef ': 변수를 선언하지 않으면 'CompareID_RQ' 왼쪽은 무시됩니다.
c:\users\happy\onedrive\문서\visual studio 2015\projects\프로그래머스 코딩 연습\chatting_client\chatting_client\protocal.h(99): warning C4091: 'typedef ': 변수를 선언하지 않으면 'CompareID_RP' 왼쪽은 무시됩니다.
c:\users\happy\onedrive\문서\visual studio 2015\projects\프로그래머스 코딩 연습\chatting_client\chatting_client\protocal.h(108): warning C4091: 'typedef ': 변수를 선언하지 않으면 'SearchPWData_RQ' 왼쪽은 무시됩니다.
c:\users\happy\onedrive\문서\visual studio 2015\projects\프로그래머스 코딩 연습\chatting_client\chatting_client\protocal.h(121): warning C4091: 'typedef ': 변수를 선언하지 않으면 'SearchPW_RQ' 왼쪽은 무시됩니다.
c:\users\happy\onedrive\문서\visual studio 2015\projects\프로그래머스 코딩 연습\chatting_client\chatting_client\protocal.h(127): warning C4091: 'typedef ': 변수를 선언하지 않으면 'SearchPWData_RP' 왼쪽은 무시됩니다.
c:\users\happy\onedrive\문서\visual studio 2015\projects\프로그래머스 코딩 연습\chatting_client\chatting_client\protocal.h(139): warning C4091: 'typedef ': 변수를 선언하지 않으면 'SearchPW_RP' 왼쪽은 무시됩니다.
c:\users\happy\onedrive\문서\visual studio 2015\projects\프로그래머스 코딩 연습\chatting_client\chatting_client\protocal.h(150): warning C4091: 'typedef ': 변수를 선언하지 않으면 'LoginData' 왼쪽은 무시됩니다.
c:\users\happy\onedrive\문서\visual studio 2015\projects\프로그래머스 코딩 연습\chatting_client\chatting_client\protocal.h(165): warning C4091: 'typedef ': 변수를 선언하지 않으면 'Login_RQ' 왼쪽은 무시됩니다.
c:\users\happy\onedrive\문서\visual studio 2015\projects\프로그래머스 코딩 연습\chatting_client\chatting_client\protocal.h(176): warning C4091: 'typedef ': 변수를 선언하지 않으면 'Login_RP' 왼쪽은 무시됩니다.
c:\users\happy\onedrive\문서\visual studio 2015\projects\프로그래머스 코딩 연습\chatting_client\chatting_client\protocal.h(185): warning C4091: 'typedef ': 변수를 선언하지 않으면 'StrData' 왼쪽은 무시됩니다.
c:\users\happy\onedrive\문서\visual studio 2015\projects\프로그래머스 코딩 연습\chatting_client\chatting_client\protocal.h(198): warning C4091: 'typedef ': 변수를 선언하지 않으면 'ChatStrData' 왼쪽은 무시됩니다.
c:\users\happy\onedrive\문서\visual studio 2015\projects\프로그래머스 코딩 연습\chatting_client\chatting_client\chatting_client.cpp(280): error C2664: 'INT_PTR DialogBoxParamW(HINSTANCE,LPCWSTR,HWND,DLGPROC,LPARAM)': 인수 4을(를) 'BOOL (__cdecl *)(HWND,UINT,WPARAM,LPARAM)'에서 'DLGPROC'(으)로 변환할 수 없습니다.
  c:\users\happy\onedrive\문서\visual studio 2015\projects\프로그래머스 코딩 연습\chatting_client\chatting_client\chatting_client.cpp(280): note: 대상 형식과 일치하는 범위에 이름이 같은 함수가 없습니다.
c:\users\happy\onedrive\문서\visual studio 2015\projects\프로그래머스 코딩 연습\chatting_client\chatting_client\chatting_client.cpp(294): error C2664: 'INT_PTR DialogBoxParamW(HINSTANCE,LPCWSTR,HWND,DLGPROC,LPARAM)': 인수 4을(를) 'BOOL (__cdecl *)(HWND,UINT,WPARAM,LPARAM)'에서 'DLGPROC'(으)로 변환할 수 없습니다.
  c:\users\happy\onedrive\문서\visual studio 2015\projects\프로그래머스 코딩 연습\chatting_client\chatting_client\chatting_client.cpp(294): note: 대상 형식과 일치하는 범위에 이름이 같은 함수가 없습니다.
c:\users\happy\onedrive\문서\visual studio 2015\projects\프로그래머스 코딩 연습\chatting_client\chatting_client\chatting_client.cpp(299): warning C4244: '초기화 중': 'LRESULT'에서 'int'(으)로 변환하면서 데이터가 손실될 수 있습니다.
c:\users\happy\onedrive\문서\visual studio 2015\projects\프로그래머스 코딩 연습\chatting_client\chatting_client\chatting_client.cpp(409): warning C4996: 'WSAAsyncSelect': Use WSAEventSelect() instead or define _WINSOCK_DEPRECATED_NO_WARNINGS to disable deprecated API warnings
  c:\program files (x86)\windows kits\8.1\include\um\winsock2.h(2699): note: 'WSAAsyncSelect' 선언을 참조하십시오.
c:\users\happy\onedrive\문서\visual studio 2015\projects\프로그래머스 코딩 연습\chatting_client\chatting_client\chatting_client.cpp(522): warning C4996: 'inet_ntoa': Use inet_ntop() or InetNtop() instead or define _WINSOCK_DEPRECATED_NO_WARNINGS to disable deprecated API warnings
  c:\program files (x86)\windows kits\8.1\include\um\winsock2.h(1868): note: 'inet_ntoa' 선언을 참조하십시오.
c:\users\happy\onedrive\문서\visual studio 2015\projects\프로그래머스 코딩 연습\chatting_client\chatting_client\chatting_client.cpp(619): warning C4996: 'WSAAsyncSelect': Use WSAEventSelect() instead or define _WINSOCK_DEPRECATED_NO_WARNINGS to disable deprecated API warnings
  c:\program files (x86)\windows kits\8.1\include\um\winsock2.h(2699): note: 'WSAAsyncSelect' 선언을 참조하십시오.
c:\users\happy\onedrive\문서\visual studio 2015\projects\프로그래머스 코딩 연습\chatting_client\chatting_client\chatting_client.cpp(625): warning C4996: 'inet_addr': Use inet_pton() or InetPton() instead or define _WINSOCK_DEPRECATED_NO_WARNINGS to disable deprecated API warnings
  c:\program files (x86)\windows kits\8.1\include\um\winsock2.h(1850): note: 'inet_addr' 선언을 참조하십시오.
  코드를 생성하고 있습니다...
